<?xml version="1.0" encoding="UTF-8"?>
<testng-results ignored="0" total="2" passed="2" failed="0" skipped="0">
  <reporter-output>
  </reporter-output>
  <suite started-at="2023-08-26T17:49:40 EET" name="Default suite" finished-at="2023-08-26T17:49:49 EET" duration-ms="9058">
    <groups>
    </groups>
    <test started-at="2023-08-26T17:49:40 EET" name="Default test" finished-at="2023-08-26T17:49:49 EET" duration-ms="9058">
      <class name="qprostask.qprostask">
        <test-method is-config="true" signature="MyBeforeTest()[pri:0, instance:qprostask.qprostask@2873d672]" started-at="2023-08-26T17:49:40 EET" name="MyBeforeTest" finished-at="2023-08-26T17:49:42 EET" duration-ms="1372" status="PASS">
          <reporter-output>
          </reporter-output>
        </test-method> <!-- MyBeforeTest -->
        <test-method signature="Register()[pri:1, instance:qprostask.qprostask@2873d672]" started-at="2023-08-26T17:49:42 EET" name="Register" finished-at="2023-08-26T17:49:47 EET" duration-ms="5208" status="PASS">
          <reporter-output>
          </reporter-output>
        </test-method> <!-- Register -->
        <test-method signature="Login()[pri:2, instance:qprostask.qprostask@2873d672]" started-at="2023-08-26T17:49:47 EET" name="Login" finished-at="2023-08-26T17:49:49 EET" duration-ms="2453" status="PASS">
          <reporter-output>
          </reporter-output>
        </test-method> <!-- Login -->
      </class> <!-- qprostask.qprostask -->
    </test> <!-- Default test -->
  </suite> <!-- Default suite -->
</testng-results>
