<?xml version="1.0" encoding="UTF-8"?>
<!-- Generated by org.testng.reporters.JUnitXMLReporter -->
<testsuite ignored="0" hostname="DESKTOP-1TFJFR4" failures="0" tests="6" name="Default test" time="26.261" errors="0" timestamp="2023-08-26T20:47:51 EET">
  <testcase classname="qprostask.qprostask" name="Register" time="5.197"/>
  <testcase classname="qprostask.qprostask" name="Login" time="4.453"/>
  <testcase classname="qprostask.qprostask" name="HasItems" time="0.047"/>
  <testcase classname="qprostask.qprostask" name="AddRandToCart" time="6.517"/>
  <testcase classname="qprostask.qprostask" name="RemoveItem" time="4.516"/>
  <testcase classname="qprostask.qprostask" name="CompleteCheckout" time="4.282"/>
</testsuite> <!-- Default test -->
